2025-10-17 11:26:12,293 [Worker-5: Loading available Gradle versions] INFO  o.e.b.c.i.u.g.PublishedGradleVersions - Gradle version information cache is not available. Remote download required.
2025-10-17 11:27:06,289 [Worker-30: Updating Maven Dependencies] INFO  o.e.m.c.i.l.LifecycleMappingFactory - Using org.maven.ide.eclipse.wtp.WarLifecycleMapping lifecycle mapping for MavenProject: KLU:LabExam2:0.0.1-SNAPSHOT @ C:\Users\gyasu\Desktop\Full_stack\mswd     sign up chat bot\BackEnd\LabExam2\pom.xml.
2025-10-17 11:27:09,027 [Worker-22: Building] INFO  o.e.m.c.i.l.LifecycleMappingFactory - Using org.maven.ide.eclipse.wtp.WarLifecycleMapping lifecycle mapping for MavenProject: KLU:JobortalS11:0.0.1-SNAPSHOT @ C:\Users\gyasu\Desktop\Full_stack\mswd     sign up chat bot\BackEnd\JobortalS11\pom.xml.
2025-10-17 11:27:27,032 [Worker-22: Building] INFO  o.a.m.s.f.DefaultMavenResourcesFiltering - Copying 1 resource from src\main\resources to target\classes
2025-10-17 11:27:27,070 [Worker-22: Building] INFO  o.a.m.s.f.DefaultMavenResourcesFiltering - Copying 0 resource from src\main\resources to target\classes
2025-10-17 11:27:27,083 [Worker-22: Building] INFO  o.a.m.s.f.DefaultMavenResourcesFiltering - skip non existing resourceDirectory C:\Users\gyasu\Desktop\Full_stack\mswd     sign up chat bot\BackEnd\JobortalS11\src\test\resources
2025-10-17 11:27:30,897 [Worker-28: Updating Maven Dependencies] INFO  o.e.m.c.i.l.LifecycleMappingFactory - Using org.maven.ide.eclipse.wtp.WarLifecycleMapping lifecycle mapping for MavenProject: KLU:LabExam2:0.0.1-SNAPSHOT @ C:\Users\gyasu\Desktop\Full_stack\mswd     sign up chat bot\BackEnd\LabExam2\pom.xml.
2025-11-06 09:01:56,640 [Worker-8: Loading available Gradle versions] INFO  o.e.b.c.i.u.g.PublishedGradleVersions - Gradle version information cache is out-of-date. Trying to update.
2025-11-06 09:02:43,321 [Worker-7: Building] INFO  o.e.m.c.i.l.LifecycleMappingFactory - Using org.maven.ide.eclipse.wtp.WarLifecycleMapping lifecycle mapping for MavenProject: KLU:JobortalS11:0.0.1-SNAPSHOT @ C:\Users\gyasu\Desktop\Full_stack\mswd     sign up chat bot\BackEnd\JobortalS11\pom.xml.
2025-11-06 09:02:52,359 [Worker-7: Building] INFO  o.a.m.s.f.DefaultMavenResourcesFiltering - Copying 1 resource from src\main\resources to target\classes
2025-11-06 09:02:52,404 [Worker-7: Building] INFO  o.a.m.s.f.DefaultMavenResourcesFiltering - Copying 0 resource from src\main\resources to target\classes
2025-11-06 09:02:52,416 [Worker-7: Building] INFO  o.a.m.s.f.DefaultMavenResourcesFiltering - skip non existing resourceDirectory C:\Users\gyasu\Desktop\Full_stack\mswd     sign up chat bot\BackEnd\JobortalS11\src\test\resources
2025-11-06 09:02:59,222 [Worker-17: Building] INFO  o.e.m.c.i.l.LifecycleMappingFactory - Using org.maven.ide.eclipse.wtp.WarLifecycleMapping lifecycle mapping for MavenProject: KLU:LabExam2:0.0.1-SNAPSHOT @ C:\Users\gyasu\Desktop\Full_stack\mswd     sign up chat bot\BackEnd\LabExam2\pom.xml.
2025-11-06 09:03:03,916 [Worker-17: Building] INFO  o.a.m.s.f.DefaultMavenResourcesFiltering - Copying 1 resource from src\main\resources to target\classes
2025-11-06 09:03:03,937 [Worker-17: Building] INFO  o.a.m.s.f.DefaultMavenResourcesFiltering - Copying 0 resource from src\main\resources to target\classes
2025-11-06 09:03:03,942 [Worker-17: Building] INFO  o.a.m.s.f.DefaultMavenResourcesFiltering - skip non existing resourceDirectory C:\Users\gyasu\Desktop\Full_stack\mswd     sign up chat bot\BackEnd\LabExam2\src\test\resources
2025-11-06 09:03:04,674 [Worker-5: Building] INFO  o.a.m.s.f.DefaultMavenResourcesFiltering - Copying 1 resource from src\main\resources to target\classes
2025-11-06 09:03:04,680 [Worker-5: Building] INFO  o.a.m.s.f.DefaultMavenResourcesFiltering - Copying 0 resource from src\main\resources to target\classes
2025-11-06 09:03:04,688 [Worker-5: Building] INFO  o.a.m.s.f.DefaultMavenResourcesFiltering - skip non existing resourceDirectory C:\Users\gyasu\Desktop\Full_stack\mswd     sign up chat bot\BackEnd\LabExam2\src\test\resources
2025-11-06 09:03:08,343 [Worker-5: Building] INFO  o.e.m.c.i.l.LifecycleMappingFactory - Using org.maven.ide.eclipse.wtp.WarLifecycleMapping lifecycle mapping for MavenProject: KLU:LabExperiment:0.0.1-SNAPSHOT @ C:\Users\gyasu\Desktop\Full_stack\mswd     sign up chat bot\BackEnd\LabExperiment\pom.xml.
2025-11-06 09:03:10,975 [Worker-7: Updating Maven Dependencies] INFO  o.e.m.c.i.l.LifecycleMappingFactory - Using org.maven.ide.eclipse.wtp.WarLifecycleMapping lifecycle mapping for MavenProject: com.klu:ecommerce:1.0.0 @ C:\Users\gyasu\Desktop\CI_CD\CI_CD_Cloud_Devops\CO3\exam\online-ticket-booking\OnlineTicketBookingBackend\pom.xml.
2025-11-06 09:03:17,160 [Worker-5: Building] INFO  o.a.m.s.f.DefaultMavenResourcesFiltering - Copying 1 resource from src\main\resources to target\classes
2025-11-06 09:03:17,205 [Worker-5: Building] INFO  o.a.m.s.f.DefaultMavenResourcesFiltering - Copying 0 resource from src\main\resources to target\classes
2025-11-06 09:03:17,217 [Worker-5: Building] INFO  o.a.m.s.f.DefaultMavenResourcesFiltering - skip non existing resourceDirectory C:\Users\gyasu\Desktop\Full_stack\mswd     sign up chat bot\BackEnd\LabExperiment\src\test\resources
2025-11-06 09:03:18,244 [Worker-22: Building] INFO  o.a.m.s.f.DefaultMavenResourcesFiltering - Copying 1 resource from src\main\resources to target\classes
2025-11-06 09:03:18,249 [Worker-22: Building] INFO  o.a.m.s.f.DefaultMavenResourcesFiltering - Copying 0 resource from src\main\resources to target\classes
2025-11-06 09:03:18,258 [Worker-22: Building] INFO  o.a.m.s.f.DefaultMavenResourcesFiltering - skip non existing resourceDirectory C:\Users\gyasu\Desktop\Full_stack\mswd     sign up chat bot\BackEnd\LabExperiment\src\test\resources
2025-11-06 09:03:19,849 [Worker-22: Building] INFO  o.e.m.c.i.l.LifecycleMappingFactory - Using org.maven.ide.eclipse.wtp.WarLifecycleMapping lifecycle mapping for MavenProject: KLU:LabExperimentS11:0.0.1-SNAPSHOT @ C:\Users\gyasu\Desktop\Full_stack\mswd     sign up chat bot\BackEnd\LabExperimentS11\pom.xml.
2025-11-06 09:03:21,939 [Worker-22: Building] INFO  o.a.m.s.f.DefaultMavenResourcesFiltering - Copying 1 resource from src\main\resources to target\classes
2025-11-06 09:03:21,972 [Worker-22: Building] INFO  o.a.m.s.f.DefaultMavenResourcesFiltering - Copying 0 resource from src\main\resources to target\classes
2025-11-06 09:03:21,985 [Worker-22: Building] INFO  o.a.m.s.f.DefaultMavenResourcesFiltering - skip non existing resourceDirectory C:\Users\gyasu\Desktop\Full_stack\mswd     sign up chat bot\BackEnd\LabExperimentS11\src\test\resources
2025-11-06 09:03:22,951 [Worker-22: Building] INFO  o.e.m.c.i.l.LifecycleMappingFactory - Using org.maven.ide.eclipse.wtp.WarLifecycleMapping lifecycle mapping for MavenProject: com.klu:ecommerce:1.0.0 @ C:\Users\gyasu\Desktop\CI_CD\CI_CD_Cloud_Devops\CO3\exam\online-ticket-booking\OnlineTicketBookingBackend\pom.xml.
2025-11-06 09:03:37,690 [Worker-22: Building] INFO  o.e.m.c.i.embedder.EclipseLogger - Using 'UTF-8' encoding to copy filtered resources.
2025-11-06 09:03:37,690 [Worker-22: Building] INFO  o.e.m.c.i.embedder.EclipseLogger - Using 'UTF-8' encoding to copy filtered properties files.
2025-11-06 09:03:37,691 [Worker-22: Building] INFO  o.e.m.c.i.embedder.EclipseLogger - Copying 1 resource
2025-11-06 09:03:37,766 [Worker-22: Building] INFO  o.e.m.c.i.embedder.EclipseLogger - Copying 0 resource
2025-11-06 09:03:37,773 [Worker-22: Building] INFO  o.e.m.c.i.embedder.EclipseLogger - Using 'UTF-8' encoding to copy filtered resources.
2025-11-06 09:03:37,773 [Worker-22: Building] INFO  o.e.m.c.i.embedder.EclipseLogger - Using 'UTF-8' encoding to copy filtered properties files.
2025-11-06 09:03:37,773 [Worker-22: Building] INFO  o.e.m.c.i.embedder.EclipseLogger - skip non existing resourceDirectory C:\Users\gyasu\Desktop\CI_CD\CI_CD_Cloud_Devops\CO3\exam\online-ticket-booking\OnlineTicketBookingBackend\src\test\resources
2025-11-06 09:03:38,082 [Worker-38: Updating Maven Dependencies] INFO  o.e.m.c.i.l.LifecycleMappingFactory - Using org.maven.ide.eclipse.wtp.WarLifecycleMapping lifecycle mapping for MavenProject: com.klu:ecommerce:1.0.0 @ C:\Users\gyasu\Desktop\CI_CD\CI_CD_Cloud_Devops\CO3\exam\online-ticket-booking\OnlineTicketBookingBackend\pom.xml.
2025-11-06 09:03:41,033 [Worker-8: Building] INFO  o.a.m.s.f.DefaultMavenResourcesFiltering - Copying 1 resource from src\main\resources to target\classes
2025-11-06 09:03:41,038 [Worker-8: Building] INFO  o.a.m.s.f.DefaultMavenResourcesFiltering - Copying 0 resource from src\main\resources to target\classes
2025-11-06 09:03:41,046 [Worker-8: Building] INFO  o.a.m.s.f.DefaultMavenResourcesFiltering - skip non existing resourceDirectory C:\Users\gyasu\Desktop\Full_stack\mswd     sign up chat bot\BackEnd\LabExperimentS11\src\test\resources
2025-11-06 09:03:41,562 [Worker-8: Building] INFO  o.e.m.c.i.embedder.EclipseLogger - Using 'UTF-8' encoding to copy filtered resources.
2025-11-06 09:03:41,562 [Worker-8: Building] INFO  o.e.m.c.i.embedder.EclipseLogger - Using 'UTF-8' encoding to copy filtered properties files.
2025-11-06 09:03:41,562 [Worker-8: Building] INFO  o.e.m.c.i.embedder.EclipseLogger - Copying 1 resource
2025-11-06 09:03:41,567 [Worker-8: Building] INFO  o.e.m.c.i.embedder.EclipseLogger - Copying 0 resource
2025-11-06 09:03:41,575 [Worker-8: Building] INFO  o.e.m.c.i.embedder.EclipseLogger - Using 'UTF-8' encoding to copy filtered resources.
2025-11-06 09:03:41,575 [Worker-8: Building] INFO  o.e.m.c.i.embedder.EclipseLogger - Using 'UTF-8' encoding to copy filtered properties files.
2025-11-06 09:03:41,576 [Worker-8: Building] INFO  o.e.m.c.i.embedder.EclipseLogger - skip non existing resourceDirectory C:\Users\gyasu\Desktop\CI_CD\CI_CD_Cloud_Devops\CO3\exam\online-ticket-booking\OnlineTicketBookingBackend\src\test\resources
2025-11-06 09:04:59,130 [Worker-38: Building] INFO  o.e.m.c.i.embedder.EclipseLogger - Using 'UTF-8' encoding to copy filtered resources.
2025-11-06 09:04:59,131 [Worker-38: Building] INFO  o.e.m.c.i.embedder.EclipseLogger - Using 'UTF-8' encoding to copy filtered properties files.
2025-11-06 09:04:59,134 [Worker-38: Building] INFO  o.e.m.c.i.embedder.EclipseLogger - Copying 1 resource
2025-11-06 09:04:59,141 [Worker-38: Building] INFO  o.e.m.c.i.embedder.EclipseLogger - Copying 0 resource
2025-11-06 09:04:59,144 [Worker-38: Building] INFO  o.e.m.c.i.embedder.EclipseLogger - Using 'UTF-8' encoding to copy filtered resources.
2025-11-06 09:04:59,145 [Worker-38: Building] INFO  o.e.m.c.i.embedder.EclipseLogger - Using 'UTF-8' encoding to copy filtered properties files.
2025-11-06 09:04:59,145 [Worker-38: Building] INFO  o.e.m.c.i.embedder.EclipseLogger - skip non existing resourceDirectory C:\Users\gyasu\Desktop\CI_CD\CI_CD_Cloud_Devops\CO3\exam\online-ticket-booking\OnlineTicketBookingBackend\src\test\resources
2025-11-06 09:05:13,835 [Worker-5: Building] INFO  o.e.m.c.i.embedder.EclipseLogger - Using 'UTF-8' encoding to copy filtered resources.
2025-11-06 09:05:13,835 [Worker-5: Building] INFO  o.e.m.c.i.embedder.EclipseLogger - Using 'UTF-8' encoding to copy filtered properties files.
2025-11-06 09:05:13,837 [Worker-5: Building] INFO  o.e.m.c.i.embedder.EclipseLogger - Copying 1 resource
2025-11-06 09:05:13,845 [Worker-5: Building] INFO  o.e.m.c.i.embedder.EclipseLogger - Copying 0 resource
2025-11-06 09:05:13,850 [Worker-5: Building] INFO  o.e.m.c.i.embedder.EclipseLogger - Using 'UTF-8' encoding to copy filtered resources.
2025-11-06 09:05:13,850 [Worker-5: Building] INFO  o.e.m.c.i.embedder.EclipseLogger - Using 'UTF-8' encoding to copy filtered properties files.
2025-11-06 09:05:13,850 [Worker-5: Building] INFO  o.e.m.c.i.embedder.EclipseLogger - skip non existing resourceDirectory C:\Users\gyasu\Desktop\CI_CD\CI_CD_Cloud_Devops\CO3\exam\online-ticket-booking\OnlineTicketBookingBackend\src\test\resources
2025-11-06 09:06:50,064 [Worker-32: Building] INFO  o.e.m.c.i.embedder.EclipseLogger - Using 'UTF-8' encoding to copy filtered resources.
2025-11-06 09:06:50,064 [Worker-32: Building] INFO  o.e.m.c.i.embedder.EclipseLogger - Using 'UTF-8' encoding to copy filtered properties files.
2025-11-06 09:06:50,064 [Worker-32: Building] INFO  o.e.m.c.i.embedder.EclipseLogger - Copying 1 resource
2025-11-06 09:06:50,071 [Worker-32: Building] INFO  o.e.m.c.i.embedder.EclipseLogger - Copying 0 resource
2025-11-06 09:06:50,074 [Worker-32: Building] INFO  o.e.m.c.i.embedder.EclipseLogger - Using 'UTF-8' encoding to copy filtered resources.
2025-11-06 09:06:50,074 [Worker-32: Building] INFO  o.e.m.c.i.embedder.EclipseLogger - Using 'UTF-8' encoding to copy filtered properties files.
2025-11-06 09:06:50,074 [Worker-32: Building] INFO  o.e.m.c.i.embedder.EclipseLogger - skip non existing resourceDirectory C:\Users\gyasu\Desktop\CI_CD\CI_CD_Cloud_Devops\CO3\exam\online-ticket-booking\OnlineTicketBookingBackend\src\test\resources
2025-11-06 09:07:31,064 [Worker-10: Updating Maven Project] INFO  o.e.m.c.i.p.ProjectConfigurationManager - Update started
2025-11-06 09:07:31,305 [Worker-10: Updating Maven Project] INFO  o.e.m.c.i.l.LifecycleMappingFactory - Using org.maven.ide.eclipse.wtp.WarLifecycleMapping lifecycle mapping for MavenProject: com.klu:ecommerce:1.0.0 @ C:\Users\gyasu\Desktop\CI_CD\CI_CD_Cloud_Devops\CO3\exam\online-ticket-booking\OnlineTicketBookingBackend\pom.xml.
2025-11-06 09:07:32,063 [Worker-10: Updating Maven Project] INFO  o.e.m.j.i.AbstractJavaProjectConfigurator - Adding source folder /ecommerce-backend/src/main/java
2025-11-06 09:07:32,066 [Worker-10: Updating Maven Project] INFO  o.e.m.j.i.AbstractJavaProjectConfigurator - Adding resource folder /ecommerce-backend/src/main/resources
2025-11-06 09:07:32,068 [Worker-10: Updating Maven Project] INFO  o.e.m.j.i.AbstractJavaProjectConfigurator - Adding resource folder /ecommerce-backend/src/main/resources
2025-11-06 09:07:32,069 [Worker-10: Updating Maven Project] INFO  o.e.m.j.i.AbstractJavaProjectConfigurator - Adding source folder /ecommerce-backend/src/test/java
2025-11-06 09:07:32,071 [Worker-10: Updating Maven Project] INFO  o.e.m.j.i.AbstractJavaProjectConfigurator - Adding resource folder /ecommerce-backend/src/test/resources
2025-11-06 09:07:32,612 [Worker-10: Updating Maven Project] INFO  o.e.m.w.i.f.ResourceFilteringBuildParticipant - Cleaning filtered folder for ecommerce-backend
2025-11-06 09:07:32,650 [Worker-10: Updating Maven Project] INFO  o.e.m.c.i.p.ProjectConfigurationManager - Update completed for 1 poms: local refresh takes 0.00 sec, refresh facades takes 0.00 sec, update config takes 0.00 sec 
2025-11-06 09:07:33,266 [Worker-11: Building] INFO  o.e.m.c.i.embedder.EclipseLogger - Using 'UTF-8' encoding to copy filtered resources.
2025-11-06 09:07:33,266 [Worker-11: Building] INFO  o.e.m.c.i.embedder.EclipseLogger - Using 'UTF-8' encoding to copy filtered properties files.
2025-11-06 09:07:33,267 [Worker-11: Building] INFO  o.e.m.c.i.embedder.EclipseLogger - Copying 1 resource
2025-11-06 09:07:33,286 [Worker-11: Building] INFO  o.e.m.c.i.embedder.EclipseLogger - Copying 0 resource
2025-11-06 09:07:33,292 [Worker-11: Building] INFO  o.e.m.c.i.embedder.EclipseLogger - Using 'UTF-8' encoding to copy filtered resources.
2025-11-06 09:07:33,292 [Worker-11: Building] INFO  o.e.m.c.i.embedder.EclipseLogger - Using 'UTF-8' encoding to copy filtered properties files.
2025-11-06 09:07:33,292 [Worker-11: Building] INFO  o.e.m.c.i.embedder.EclipseLogger - skip non existing resourceDirectory C:\Users\gyasu\Desktop\CI_CD\CI_CD_Cloud_Devops\CO3\exam\online-ticket-booking\OnlineTicketBookingBackend\src\test\resources
2025-11-06 09:07:33,292 [Worker-11: Building] INFO  o.e.m.w.i.f.ResourceFilteringBuildParticipant - Changed resources require a complete clean of filtered resources of ecommerce-backend
2025-11-06 09:07:33,292 [Worker-11: Building] INFO  o.e.m.w.i.f.ResourceFilteringBuildParticipant - Executing resource filtering for ecommerce-backend
2025-11-06 09:08:52,271 [Worker-22: Updating Maven Project] INFO  o.e.m.c.i.p.ProjectConfigurationManager - Update started
2025-11-06 09:08:52,481 [Worker-22: Updating Maven Project] INFO  o.e.m.c.i.l.LifecycleMappingFactory - Using org.maven.ide.eclipse.wtp.WarLifecycleMapping lifecycle mapping for MavenProject: com.klu:ecommerce:1.0.0 @ C:\Users\gyasu\Desktop\CI_CD\CI_CD_Cloud_Devops\CO3\exam\online-ticket-booking\OnlineTicketBookingBackend\pom.xml.
2025-11-06 09:08:53,219 [Worker-22: Updating Maven Project] INFO  o.e.m.j.i.AbstractJavaProjectConfigurator - Adding source folder /ecommerce-backend/src/main/java
2025-11-06 09:08:53,220 [Worker-22: Updating Maven Project] INFO  o.e.m.j.i.AbstractJavaProjectConfigurator - Adding resource folder /ecommerce-backend/src/main/resources
2025-11-06 09:08:53,220 [Worker-22: Updating Maven Project] INFO  o.e.m.j.i.AbstractJavaProjectConfigurator - Adding resource folder /ecommerce-backend/src/main/resources
2025-11-06 09:08:53,221 [Worker-22: Updating Maven Project] INFO  o.e.m.j.i.AbstractJavaProjectConfigurator - Adding source folder /ecommerce-backend/src/test/java
2025-11-06 09:08:53,221 [Worker-22: Updating Maven Project] INFO  o.e.m.j.i.AbstractJavaProjectConfigurator - Adding resource folder /ecommerce-backend/src/test/resources
2025-11-06 09:08:54,074 [Worker-22: Updating Maven Project] INFO  o.e.m.w.i.f.ResourceFilteringBuildParticipant - Cleaning filtered folder for ecommerce-backend
2025-11-06 09:08:54,103 [Worker-22: Updating Maven Project] INFO  o.e.m.c.i.p.ProjectConfigurationManager - Update completed for 1 poms: local refresh takes 0.00 sec, refresh facades takes 0.00 sec, update config takes 0.00 sec 
2025-11-06 09:08:54,810 [Worker-27: Building] INFO  o.e.m.c.i.embedder.EclipseLogger - Using 'UTF-8' encoding to copy filtered resources.
2025-11-06 09:08:54,810 [Worker-27: Building] INFO  o.e.m.c.i.embedder.EclipseLogger - Using 'UTF-8' encoding to copy filtered properties files.
2025-11-06 09:08:54,812 [Worker-27: Building] INFO  o.e.m.c.i.embedder.EclipseLogger - Copying 1 resource
2025-11-06 09:08:54,873 [Worker-27: Building] INFO  o.e.m.c.i.embedder.EclipseLogger - Copying 0 resource
2025-11-06 09:08:54,884 [Worker-27: Building] INFO  o.e.m.c.i.embedder.EclipseLogger - Using 'UTF-8' encoding to copy filtered resources.
2025-11-06 09:08:54,885 [Worker-27: Building] INFO  o.e.m.c.i.embedder.EclipseLogger - Using 'UTF-8' encoding to copy filtered properties files.
2025-11-06 09:08:54,885 [Worker-27: Building] INFO  o.e.m.c.i.embedder.EclipseLogger - skip non existing resourceDirectory C:\Users\gyasu\Desktop\CI_CD\CI_CD_Cloud_Devops\CO3\exam\online-ticket-booking\OnlineTicketBookingBackend\src\test\resources
2025-11-06 09:08:54,888 [Worker-27: Building] INFO  o.e.m.w.i.f.ResourceFilteringBuildParticipant - Changed resources require a complete clean of filtered resources of ecommerce-backend
2025-11-06 09:08:54,888 [Worker-27: Building] INFO  o.e.m.w.i.f.ResourceFilteringBuildParticipant - Executing resource filtering for ecommerce-backend
